This is pdfTeX, Version 3.141592653-2.6-1.40.22 (TeX Live 2021) (preloaded format=pdflatex 2021.7.9)  2 FEB 2024 03:01
entering extended mode
 restricted \write18 enabled.
 %&-line parsing enabled.
**build/watermarked_pdfs/6.tex
(./build/watermarked_pdfs/6.tex
LaTeX2e <2020-10-01> patch level 4
L3 programming layer <2021-02-18>
(/usr/local/texlive/2021/texmf-dist/tex/latex/base/book.cls
Document Class: book 2020/04/10 v1.4m Standard LaTeX document class
(/usr/local/texlive/2021/texmf-dist/tex/latex/base/bk11.clo
File: bk11.clo 2020/04/10 v1.4m Standard LaTeX file (size option)
)
\c@part=\count179
\c@chapter=\count180
\c@section=\count181
\c@subsection=\count182
\c@subsubsection=\count183
\c@paragraph=\count184
\c@subparagraph=\count185
\c@figure=\count186
\c@table=\count187
\abovecaptionskip=\skip47
\belowcaptionskip=\skip48
\bibindent=\dimen138
)
(/usr/local/texlive/2021/texmf-dist/tex/latex/fancyhdr/fancyhdr.sty
Package: fancyhdr 2021/01/28 v4.0.1 Extensive control of page headers and foote
rs
\f@nch@headwidth=\skip49
\f@nch@O@elh=\skip50
\f@nch@O@erh=\skip51
\f@nch@O@olh=\skip52
\f@nch@O@orh=\skip53
\f@nch@O@elf=\skip54
\f@nch@O@erf=\skip55
\f@nch@O@olf=\skip56
\f@nch@O@orf=\skip57
)
(/usr/local/texlive/2021/texmf-dist/tex/latex/geometry/geometry.sty
Package: geometry 2020/01/02 v5.9 Page Geometry

(/usr/local/texlive/2021/texmf-dist/tex/latex/graphics/keyval.sty
Package: keyval 2014/10/28 v1.15 key=value parser (DPC)
\KV@toks@=\toks15
)
(/usr/local/texlive/2021/texmf-dist/tex/generic/iftex/ifvtex.sty
Package: ifvtex 2019/10/25 v1.7 ifvtex legacy package. Use iftex instead.

(/usr/local/texlive/2021/texmf-dist/tex/generic/iftex/iftex.sty
Package: iftex 2020/03/06 v1.0d TeX engine tests
))
\Gm@cnth=\count188
\Gm@cntv=\count189
\c@Gm@tempcnt=\count190
\Gm@bindingoffset=\dimen139
\Gm@wd@mp=\dimen140
\Gm@odd@mp=\dimen141
\Gm@even@mp=\dimen142
\Gm@layoutwidth=\dimen143
\Gm@layoutheight=\dimen144
\Gm@layouthoffset=\dimen145
\Gm@layoutvoffset=\dimen146
\Gm@dimlist=\toks16
)
(/usr/local/texlive/2021/texmf-dist/tex/latex/base/inputenc.sty
Package: inputenc 2020/08/01 v1.3d Input encoding file
\inpenc@prehook=\toks17
\inpenc@posthook=\toks18
)
(/usr/local/texlive/2021/texmf-dist/tex/latex/pdfpages/pdfpages.sty
Package: pdfpages 2021/03/06 v0.5t Insert pages of external PDF documents (AM)

(/usr/local/texlive/2021/texmf-dist/tex/latex/base/ifthen.sty
Package: ifthen 2014/09/29 v1.1c Standard LaTeX ifthen package (DPC)
)
(/usr/local/texlive/2021/texmf-dist/tex/latex/tools/calc.sty
Package: calc 2017/05/25 v4.3 Infix arithmetic (KKT,FJ)
\calc@Acount=\count191
\calc@Bcount=\count192
\calc@Adimen=\dimen147
\calc@Bdimen=\dimen148
\calc@Askip=\skip58
\calc@Bskip=\skip59
LaTeX Info: Redefining \setlength on input line 80.
LaTeX Info: Redefining \addtolength on input line 81.
\calc@Ccount=\count193
\calc@Cskip=\skip60
)
(/usr/local/texlive/2021/texmf-dist/tex/latex/eso-pic/eso-pic.sty
Package: eso-pic 2020/10/14 v3.0a eso-pic (RN)
\ESO@tempdima=\dimen149
\ESO@tempdimb=\dimen150

(/usr/local/texlive/2021/texmf-dist/tex/latex/xcolor/xcolor.sty
Package: xcolor 2016/05/11 v2.12 LaTeX color extensions (UK)

(/usr/local/texlive/2021/texmf-dist/tex/latex/graphics-cfg/color.cfg
File: color.cfg 2016/01/02 v1.6 sample color configuration
)
Package xcolor Info: Driver file: pdftex.def on input line 225.

(/usr/local/texlive/2021/texmf-dist/tex/latex/graphics-def/pdftex.def
File: pdftex.def 2020/10/05 v1.2a Graphics/color driver for pdftex
)
Package xcolor Info: Model `cmy' substituted by `cmy0' on input line 1348.
Package xcolor Info: Model `hsb' substituted by `rgb' on input line 1352.
Package xcolor Info: Model `RGB' extended on input line 1364.
Package xcolor Info: Model `HTML' substituted by `rgb' on input line 1366.
Package xcolor Info: Model `Hsb' substituted by `hsb' on input line 1367.
Package xcolor Info: Model `tHsb' substituted by `hsb' on input line 1368.
Package xcolor Info: Model `HSB' substituted by `hsb' on input line 1369.
Package xcolor Info: Model `Gray' substituted by `gray' on input line 1370.
Package xcolor Info: Model `wave' substituted by `hsb' on input line 1371.
))
(/usr/local/texlive/2021/texmf-dist/tex/latex/graphics/graphicx.sty
Package: graphicx 2020/09/09 v1.2b Enhanced LaTeX Graphics (DPC,SPQR)

(/usr/local/texlive/2021/texmf-dist/tex/latex/graphics/graphics.sty
Package: graphics 2020/08/30 v1.4c Standard LaTeX Graphics (DPC,SPQR)

(/usr/local/texlive/2021/texmf-dist/tex/latex/graphics/trig.sty
Package: trig 2016/01/03 v1.10 sin cos tan (DPC)
)
(/usr/local/texlive/2021/texmf-dist/tex/latex/graphics-cfg/graphics.cfg
File: graphics.cfg 2016/06/04 v1.11 sample graphics configuration
)
Package graphics Info: Driver file: pdftex.def on input line 105.
)
\Gin@req@height=\dimen151
\Gin@req@width=\dimen152
)
\AM@pagewidth=\dimen153
\AM@pageheight=\dimen154
\AM@fboxrule=\dimen155

(/usr/local/texlive/2021/texmf-dist/tex/latex/pdfpages/pppdftex.def
File: pppdftex.def 2021/03/06 v0.5t Pdfpages driver for pdfTeX (AM)
)
\pdfpages@includegraphics@status=\count194
\AM@pagebox=\box47
\AM@global@opts=\toks19
\AM@pagecnt=\count195
\AM@toc@title=\toks20
\c@AM@survey=\count196
\AM@templatesizebox=\box48
)
(/usr/local/texlive/2021/texmf-dist/tex/latex/psnfss/times.sty
Package: times 2020/03/25 PSNFSS-v9.3 (SPQR) 
)
(/usr/local/texlive/2021/texmf-dist/tex/latex/pax/pax.sty
Package: pax 2012/04/18 v0.1l Annotation support for PDF graphics (HO)

(/usr/local/texlive/2021/texmf-dist/tex/generic/iftex/ifpdf.sty
Package: ifpdf 2019/10/25 v3.4 ifpdf legacy package. Use iftex instead.
)
(/usr/local/texlive/2021/texmf-dist/tex/generic/ltxcmds/ltxcmds.sty
Package: ltxcmds 2020-05-10 v1.25 LaTeX kernel commands for general use (HO)
)
(/usr/local/texlive/2021/texmf-dist/tex/generic/kvsetkeys/kvsetkeys.sty
Package: kvsetkeys 2019/12/15 v1.18 Key value parser (HO)
)
(/usr/local/texlive/2021/texmf-dist/tex/latex/kvoptions/kvoptions.sty
Package: kvoptions 2020-10-07 v3.14 Key value format for package options (HO)
)
(/usr/local/texlive/2021/texmf-dist/tex/latex/auxhook/auxhook.sty
Package: auxhook 2019-12-17 v1.6 Hooks for auxiliary files (HO)
)
(/usr/local/texlive/2021/texmf-dist/tex/generic/etexcmds/etexcmds.sty
Package: etexcmds 2019/12/15 v1.7 Avoid name clashes with e-TeX commands (HO)

(/usr/local/texlive/2021/texmf-dist/tex/generic/infwarerr/infwarerr.sty
Package: infwarerr 2019/12/03 v1.5 Providing info/warning/error messages (HO)
)))
(/usr/local/texlive/2021/texmf-dist/tex/latex/hyperref/hyperref.sty
Package: hyperref 2021-02-27 v7.00k Hypertext links for LaTeX

(/usr/local/texlive/2021/texmf-dist/tex/generic/pdftexcmds/pdftexcmds.sty
Package: pdftexcmds 2020-06-27 v0.33 Utility functions of pdfTeX for LuaTeX (HO
)
Package pdftexcmds Info: \pdf@primitive is available.
Package pdftexcmds Info: \pdf@ifprimitive is available.
Package pdftexcmds Info: \pdfdraftmode found.
)
(/usr/local/texlive/2021/texmf-dist/tex/generic/kvdefinekeys/kvdefinekeys.sty
Package: kvdefinekeys 2019-12-19 v1.6 Define keys (HO)
)
(/usr/local/texlive/2021/texmf-dist/tex/generic/pdfescape/pdfescape.sty
Package: pdfescape 2019/12/09 v1.15 Implements pdfTeX's escape features (HO)
)
(/usr/local/texlive/2021/texmf-dist/tex/latex/hycolor/hycolor.sty
Package: hycolor 2020-01-27 v1.10 Color options for hyperref/bookmark (HO)
)
(/usr/local/texlive/2021/texmf-dist/tex/latex/letltxmacro/letltxmacro.sty
Package: letltxmacro 2019/12/03 v1.6 Let assignment for LaTeX macros (HO)
)
\@linkdim=\dimen156
\Hy@linkcounter=\count197
\Hy@pagecounter=\count198

(/usr/local/texlive/2021/texmf-dist/tex/latex/hyperref/pd1enc.def
File: pd1enc.def 2021-02-27 v7.00k Hyperref: PDFDocEncoding definition (HO)
Now handling font encoding PD1 ...
... no UTF-8 mapping file for font encoding PD1
)
(/usr/local/texlive/2021/texmf-dist/tex/latex/hyperref/hyperref-langpatches.def
File: hyperref-langpatches.def 2021-02-27 v7.00k Hyperref: patches for babel la
nguages
) (/usr/local/texlive/2021/texmf-dist/tex/generic/intcalc/intcalc.sty
Package: intcalc 2019/12/15 v1.3 Expandable calculations with integers (HO)
)
\Hy@SavedSpaceFactor=\count199

(/usr/local/texlive/2021/texmf-dist/tex/latex/hyperref/puenc.def
File: puenc.def 2021-02-27 v7.00k Hyperref: PDF Unicode definition (HO)
Now handling font encoding PU ...
... no UTF-8 mapping file for font encoding PU
)
Package hyperref Info: Hyper figures OFF on input line 4192.
Package hyperref Info: Link nesting OFF on input line 4197.
Package hyperref Info: Hyper index ON on input line 4200.
Package hyperref Info: Plain pages OFF on input line 4207.
Package hyperref Info: Backreferencing OFF on input line 4212.
Package hyperref Info: Implicit mode ON; LaTeX internals redefined.
Package hyperref Info: Bookmarks ON on input line 4445.
\c@Hy@tempcnt=\count266

(/usr/local/texlive/2021/texmf-dist/tex/latex/url/url.sty
\Urlmuskip=\muskip16
Package: url 2013/09/16  ver 3.4  Verb mode for urls, etc.
)
LaTeX Info: Redefining \url on input line 4804.
\XeTeXLinkMargin=\dimen157

(/usr/local/texlive/2021/texmf-dist/tex/generic/bitset/bitset.sty
Package: bitset 2019/12/09 v1.3 Handle bit-vector datatype (HO)

(/usr/local/texlive/2021/texmf-dist/tex/generic/bigintcalc/bigintcalc.sty
Package: bigintcalc 2019/12/15 v1.5 Expandable calculations on big integers (HO
)
))
\Fld@menulength=\count267
\Field@Width=\dimen158
\Fld@charsize=\dimen159
Package hyperref Info: Hyper figures OFF on input line 6075.
Package hyperref Info: Link nesting OFF on input line 6080.
Package hyperref Info: Hyper index ON on input line 6083.
Package hyperref Info: backreferencing OFF on input line 6090.
Package hyperref Info: Link coloring OFF on input line 6095.
Package hyperref Info: Link coloring with OCG OFF on input line 6100.
Package hyperref Info: PDF/A mode OFF on input line 6105.
LaTeX Info: Redefining \ref on input line 6145.
LaTeX Info: Redefining \pageref on input line 6149.

(/usr/local/texlive/2021/texmf-dist/tex/latex/base/atbegshi-ltx.sty
Package: atbegshi-ltx 2020/08/17 v1.0a Emulation of the original atbegshi packa
ge
with kernel methods
)
\Hy@abspage=\count268
\c@Item=\count269
\c@Hfootnote=\count270
)
Package hyperref Info: Driver (autodetected): hpdftex.

(/usr/local/texlive/2021/texmf-dist/tex/latex/hyperref/hpdftex.def
File: hpdftex.def 2021-02-27 v7.00k Hyperref driver for pdfTeX

(/usr/local/texlive/2021/texmf-dist/tex/latex/base/atveryend-ltx.sty
Package: atveryend-ltx 2020/08/19 v1.0a Emulation of the original atvery packag
e
with kernel methods
)
\Fld@listcount=\count271
\c@bookmark@seq@number=\count272

(/usr/local/texlive/2021/texmf-dist/tex/latex/rerunfilecheck/rerunfilecheck.sty
Package: rerunfilecheck 2019/12/05 v1.9 Rerun checks for auxiliary files (HO)

(/usr/local/texlive/2021/texmf-dist/tex/generic/uniquecounter/uniquecounter.sty
Package: uniquecounter 2019/12/15 v1.4 Provide unlimited unique counter (HO)
)
Package uniquecounter Info: New unique counter `rerunfilecheck' on input line 2
86.
)
\Hy@SectionHShift=\skip61
) (/usr/local/texlive/2021/texmf-dist/tex/latex/graphics/lscape.sty
Package: lscape 2020/05/28 v3.02 Landscape Pages (DPC)
)
Package hyperref Info: Option `colorlinks' set `true' on input line 15.
\titlebox=\skip62
LaTeX Font Info:    Trying to load font information for OT1+ptm on input line 3
2.

(/usr/local/texlive/2021/texmf-dist/tex/latex/psnfss/ot1ptm.fd
File: ot1ptm.fd 2001/06/04 font definitions for OT1/ptm.
)
(/usr/local/texlive/2021/texmf-dist/tex/latex/l3backend/l3backend-pdftex.def
File: l3backend-pdftex.def 2021-03-18 L3 backend support: PDF output (pdfTeX)
\l__color_backend_stack_int=\count273
\l__pdf_internal_box=\box49
)
(build/watermarked_pdfs/6.aux)
\openout1 = `6.aux'.

LaTeX Font Info:    Checking defaults for OML/cmm/m/it on input line 32.
LaTeX Font Info:    ... okay on input line 32.
LaTeX Font Info:    Checking defaults for OMS/cmsy/m/n on input line 32.
LaTeX Font Info:    ... okay on input line 32.
LaTeX Font Info:    Checking defaults for OT1/cmr/m/n on input line 32.
LaTeX Font Info:    ... okay on input line 32.
LaTeX Font Info:    Checking defaults for T1/cmr/m/n on input line 32.
LaTeX Font Info:    ... okay on input line 32.
LaTeX Font Info:    Checking defaults for TS1/cmr/m/n on input line 32.
LaTeX Font Info:    ... okay on input line 32.
LaTeX Font Info:    Checking defaults for OMX/cmex/m/n on input line 32.
LaTeX Font Info:    ... okay on input line 32.
LaTeX Font Info:    Checking defaults for U/cmr/m/n on input line 32.
LaTeX Font Info:    ... okay on input line 32.
LaTeX Font Info:    Checking defaults for PD1/pdf/m/n on input line 32.
LaTeX Font Info:    ... okay on input line 32.
LaTeX Font Info:    Checking defaults for PU/pdf/m/n on input line 32.
LaTeX Font Info:    ... okay on input line 32.

*geometry* driver: auto-detecting
*geometry* detected driver: pdftex
*geometry* verbose mode - [ preamble ] result:
* driver: pdftex
* paper: a4paper
* layout: <same size as paper>
* layoutoffset:(h,v)=(0.0pt,0.0pt)
* modes: 
* h-part:(L,W,R)=(56.9055pt, 483.69687pt, 56.9055pt)
* v-part:(T,H,B)=(56.9055pt, 702.78308pt, 85.35826pt)
* \paperwidth=597.50787pt
* \paperheight=845.04675pt
* \textwidth=455.24408pt
* \textheight=702.78297pt
* \oddsidemargin=0.0pt
* \evensidemargin=-15.36449pt
* \topmargin=-14.22636pt
* \headheight=5.0pt
* \headsep=0.0pt
* \topskip=11.0pt
* \footskip=28.45274pt
* \marginparwidth=49.79231pt
* \marginparsep=7.0pt
* \columnsep=17.07182pt
* \skip\footins=10.0pt plus 4.0pt minus 2.0pt
* \hoffset=0.0pt
* \voffset=0.0pt
* \mag=1000
* \@twocolumnfalse
* \@twosidefalse
* \@mparswitchfalse
* \@reversemarginfalse
* (1in=72.27pt=25.4mm, 1cm=28.453pt)

(/usr/local/texlive/2021/texmf-dist/tex/context/base/mkii/supp-pdf.mkii
[Loading MPS to PDF converter (version 2006.09.02).]
\scratchcounter=\count274
\scratchdimen=\dimen160
\scratchbox=\box50
\nofMPsegments=\count275
\nofMParguments=\count276
\everyMPshowfont=\toks21
\MPscratchCnt=\count277
\MPscratchDim=\dimen161
\MPnumerator=\count278
\makeMPintoPDFobject=\count279
\everyMPtoPDFconversion=\toks22
) (/usr/local/texlive/2021/texmf-dist/tex/latex/epstopdf-pkg/epstopdf-base.sty
Package: epstopdf-base 2020-01-24 v2.11 Base part for package epstopdf
Package epstopdf-base Info: Redefining graphics rule for `.eps' on input line 4
85.

(/usr/local/texlive/2021/texmf-dist/tex/latex/latexconfig/epstopdf-sys.cfg
File: epstopdf-sys.cfg 2010/07/13 v1.3 Configuration of (r)epstopdf for TeX Liv
e
))
(/usr/local/texlive/2021/texmf-dist/tex/latex/pdflscape/pdflscape.sty
Package: pdflscape 2019/12/05 v0.12 Display of landscape pages in PDF (HO)
Package pdflscape Info: Auto-detected driver: pdftex on input line 81.
)
Package hyperref Info: Link coloring ON on input line 32.

(/usr/local/texlive/2021/texmf-dist/tex/latex/hyperref/nameref.sty
Package: nameref 2021-04-02 v2.47 Cross-referencing by name of section

(/usr/local/texlive/2021/texmf-dist/tex/latex/refcount/refcount.sty
Package: refcount 2019/12/15 v3.6 Data extraction from label references (HO)
)
(/usr/local/texlive/2021/texmf-dist/tex/generic/gettitlestring/gettitlestring.s
ty
Package: gettitlestring 2019/12/15 v1.6 Cleanup title references (HO)
)
\c@section@level=\count280
)
LaTeX Info: Redefining \ref on input line 32.
LaTeX Info: Redefining \pageref on input line 32.
LaTeX Info: Redefining \nameref on input line 32.
 (build/watermarked_pdfs/6.out) (build/watermarked_pdfs/6.out)
\@outlinefile=\write3
\openout3 = `6.out'.

<examples/calcs/papers/paper6.pdf, id=4, 597.50829pt x 845.0471pt>
File: examples/calcs/papers/paper6.pdf Graphic file (type pdf)
<use examples/calcs/papers/paper6.pdf>
Package pdftex.def Info: examples/calcs/papers/paper6.pdf  used on input line 4
5.
(pdftex.def)             Requested size: 597.50682pt x 845.04504pt.

(./examples/calcs/papers/paper6.pax)
File: examples/calcs/papers/paper6.pdf Graphic file (type pdf)
<use examples/calcs/papers/paper6.pdf>
Package pdftex.def Info: examples/calcs/papers/paper6.pdf  used on input line 4
5.
(pdftex.def)             Requested size: 597.50682pt x 845.04504pt.
 (./examples/calcs/papers/paper6.pax)
<examples/calcs/papers/paper6.pdf, id=59, page=1, 597.50829pt x 845.0471pt>
File: examples/calcs/papers/paper6.pdf Graphic file (type pdf)
<use examples/calcs/papers/paper6.pdf, page 1>
Package pdftex.def Info: examples/calcs/papers/paper6.pdf , page1 used on input
 line 45.
(pdftex.def)             Requested size: 597.50682pt x 845.04504pt.

(./examples/calcs/papers/paper6.pax)
File: examples/calcs/papers/paper6.pdf Graphic file (type pdf)
<use examples/calcs/papers/paper6.pdf, page 1>
Package pdftex.def Info: examples/calcs/papers/paper6.pdf , page1 used on input
 line 45.
(pdftex.def)             Requested size: 597.53416pt x 845.08372pt.
 (./examples/calcs/papers/paper6.pax)
File: examples/calcs/papers/paper6.pdf Graphic file (type pdf)
<use examples/calcs/papers/paper6.pdf, page 1>
Package pdftex.def Info: examples/calcs/papers/paper6.pdf , page1 used on input
 line 45.
(pdftex.def)             Requested size: 597.53416pt x 845.08372pt.

(./examples/calcs/papers/paper6.pax)
File: examples/calcs/papers/paper6.pdf Graphic file (type pdf)
<use examples/calcs/papers/paper6.pdf, page 1>
Package pdftex.def Info: examples/calcs/papers/paper6.pdf , page1 used on input
 line 45.
(pdftex.def)             Requested size: 597.53416pt x 845.08372pt.
 (./examples/calcs/papers/paper6.pax)
LaTeX Font Info:    Trying to load font information for TS1+ptm on input line 4
5.

(/usr/local/texlive/2021/texmf-dist/tex/latex/psnfss/ts1ptm.fd
File: ts1ptm.fd 2001/06/04 font definitions for TS1/ptm.
)
File: examples/calcs/papers/paper6.pdf Graphic file (type pdf)
<use examples/calcs/papers/paper6.pdf, page 1>
Package pdftex.def Info: examples/calcs/papers/paper6.pdf , page1 used on input
 line 45.
(pdftex.def)             Requested size: 597.53416pt x 845.08372pt.

(./examples/calcs/papers/paper6.pax) [43{/usr/local/texlive/2021/texmf-var/font
s/map/pdftex/updmap/pdftex.map}


Non-PDF special ignored!
<special> papersize=21cm, 29.7cm
 <./examples/calcs/papers/paper6.pdf>]
<examples/calcs/papers/paper6.pdf, id=284, page=2, 597.50829pt x 845.0471pt>
File: examples/calcs/papers/paper6.pdf Graphic file (type pdf)
<use examples/calcs/papers/paper6.pdf, page 2>
Package pdftex.def Info: examples/calcs/papers/paper6.pdf , page2 used on input
 line 45.
(pdftex.def)             Requested size: 597.53416pt x 845.08372pt.
 (./examples/calcs/papers/paper6.pax)
File: examples/calcs/papers/paper6.pdf Graphic file (type pdf)
<use examples/calcs/papers/paper6.pdf, page 2>
Package pdftex.def Info: examples/calcs/papers/paper6.pdf , page2 used on input
 line 45.
(pdftex.def)             Requested size: 597.53416pt x 845.08372pt.

(./examples/calcs/papers/paper6.pax)
File: examples/calcs/papers/paper6.pdf Graphic file (type pdf)
<use examples/calcs/papers/paper6.pdf, page 2>
Package pdftex.def Info: examples/calcs/papers/paper6.pdf , page2 used on input
 line 45.
(pdftex.def)             Requested size: 597.53416pt x 845.08372pt.
 (./examples/calcs/papers/paper6.pax)
[44 <./examples/calcs/papers/paper6.pdf>]
<examples/calcs/papers/paper6.pdf, id=719, page=3, 597.50829pt x 845.0471pt>
File: examples/calcs/papers/paper6.pdf Graphic file (type pdf)
<use examples/calcs/papers/paper6.pdf, page 3>
Package pdftex.def Info: examples/calcs/papers/paper6.pdf , page3 used on input
 line 45.
(pdftex.def)             Requested size: 597.53416pt x 845.08372pt.
 (./examples/calcs/papers/paper6.pax)
File: examples/calcs/papers/paper6.pdf Graphic file (type pdf)
<use examples/calcs/papers/paper6.pdf, page 3>
Package pdftex.def Info: examples/calcs/papers/paper6.pdf , page3 used on input
 line 45.
(pdftex.def)             Requested size: 597.53416pt x 845.08372pt.

(./examples/calcs/papers/paper6.pax)
File: examples/calcs/papers/paper6.pdf Graphic file (type pdf)
<use examples/calcs/papers/paper6.pdf, page 3>
Package pdftex.def Info: examples/calcs/papers/paper6.pdf , page3 used on input
 line 45.
(pdftex.def)             Requested size: 597.53416pt x 845.08372pt.
 (./examples/calcs/papers/paper6.pax)
[45 <./examples/calcs/papers/paper6.pdf>]
<examples/calcs/papers/paper6.pdf, id=878, page=4, 597.50829pt x 845.0471pt>
File: examples/calcs/papers/paper6.pdf Graphic file (type pdf)
<use examples/calcs/papers/paper6.pdf, page 4>
Package pdftex.def Info: examples/calcs/papers/paper6.pdf , page4 used on input
 line 45.
(pdftex.def)             Requested size: 597.53416pt x 845.08372pt.
 (./examples/calcs/papers/paper6.pax)
File: examples/calcs/papers/paper6.pdf Graphic file (type pdf)
<use examples/calcs/papers/paper6.pdf, page 4>
Package pdftex.def Info: examples/calcs/papers/paper6.pdf , page4 used on input
 line 45.
(pdftex.def)             Requested size: 597.53416pt x 845.08372pt.

(./examples/calcs/papers/paper6.pax)
File: examples/calcs/papers/paper6.pdf Graphic file (type pdf)
<use examples/calcs/papers/paper6.pdf, page 4>
Package pdftex.def Info: examples/calcs/papers/paper6.pdf , page4 used on input
 line 45.
(pdftex.def)             Requested size: 597.53416pt x 845.08372pt.
 (./examples/calcs/papers/paper6.pax)
[46 <./examples/calcs/papers/paper6.pdf>]
<examples/calcs/papers/paper6.pdf, id=976, page=5, 597.50829pt x 845.0471pt>
File: examples/calcs/papers/paper6.pdf Graphic file (type pdf)
<use examples/calcs/papers/paper6.pdf, page 5>
Package pdftex.def Info: examples/calcs/papers/paper6.pdf , page5 used on input
 line 45.
(pdftex.def)             Requested size: 597.53416pt x 845.08372pt.
 (./examples/calcs/papers/paper6.pax)
File: examples/calcs/papers/paper6.pdf Graphic file (type pdf)
<use examples/calcs/papers/paper6.pdf, page 5>
Package pdftex.def Info: examples/calcs/papers/paper6.pdf , page5 used on input
 line 45.
(pdftex.def)             Requested size: 597.53416pt x 845.08372pt.

(./examples/calcs/papers/paper6.pax)
File: examples/calcs/papers/paper6.pdf Graphic file (type pdf)
<use examples/calcs/papers/paper6.pdf, page 5>
Package pdftex.def Info: examples/calcs/papers/paper6.pdf , page5 used on input
 line 45.
(pdftex.def)             Requested size: 597.53416pt x 845.08372pt.
 (./examples/calcs/papers/paper6.pax)
[47 <./examples/calcs/papers/paper6.pdf>]
<examples/calcs/papers/paper6.pdf, id=1118, page=6, 597.50829pt x 845.0471pt>
File: examples/calcs/papers/paper6.pdf Graphic file (type pdf)
<use examples/calcs/papers/paper6.pdf, page 6>
Package pdftex.def Info: examples/calcs/papers/paper6.pdf , page6 used on input
 line 45.
(pdftex.def)             Requested size: 597.53416pt x 845.08372pt.
 (./examples/calcs/papers/paper6.pax)
File: examples/calcs/papers/paper6.pdf Graphic file (type pdf)
<use examples/calcs/papers/paper6.pdf, page 6>
Package pdftex.def Info: examples/calcs/papers/paper6.pdf , page6 used on input
 line 45.
(pdftex.def)             Requested size: 597.53416pt x 845.08372pt.

(./examples/calcs/papers/paper6.pax)
File: examples/calcs/papers/paper6.pdf Graphic file (type pdf)
<use examples/calcs/papers/paper6.pdf, page 6>
Package pdftex.def Info: examples/calcs/papers/paper6.pdf , page6 used on input
 line 45.
(pdftex.def)             Requested size: 597.53416pt x 845.08372pt.
 (./examples/calcs/papers/paper6.pax)
[48 <./examples/calcs/papers/paper6.pdf>]
<examples/calcs/papers/paper6.pdf, id=1267, page=7, 597.50829pt x 845.0471pt>
File: examples/calcs/papers/paper6.pdf Graphic file (type pdf)
<use examples/calcs/papers/paper6.pdf, page 7>
Package pdftex.def Info: examples/calcs/papers/paper6.pdf , page7 used on input
 line 45.
(pdftex.def)             Requested size: 597.53416pt x 845.08372pt.
 (./examples/calcs/papers/paper6.pax)
File: examples/calcs/papers/paper6.pdf Graphic file (type pdf)
<use examples/calcs/papers/paper6.pdf, page 7>
Package pdftex.def Info: examples/calcs/papers/paper6.pdf , page7 used on input
 line 45.
(pdftex.def)             Requested size: 597.53416pt x 845.08372pt.

(./examples/calcs/papers/paper6.pax)
File: examples/calcs/papers/paper6.pdf Graphic file (type pdf)
<use examples/calcs/papers/paper6.pdf, page 7>
Package pdftex.def Info: examples/calcs/papers/paper6.pdf , page7 used on input
 line 45.
(pdftex.def)             Requested size: 597.53416pt x 845.08372pt.
 (./examples/calcs/papers/paper6.pax)
[49 <./examples/calcs/papers/paper6.pdf>]
<examples/calcs/papers/paper6.pdf, id=1366, page=8, 597.50829pt x 845.0471pt>
File: examples/calcs/papers/paper6.pdf Graphic file (type pdf)
<use examples/calcs/papers/paper6.pdf, page 8>
Package pdftex.def Info: examples/calcs/papers/paper6.pdf , page8 used on input
 line 45.
(pdftex.def)             Requested size: 597.53416pt x 845.08372pt.
 (./examples/calcs/papers/paper6.pax)
File: examples/calcs/papers/paper6.pdf Graphic file (type pdf)
<use examples/calcs/papers/paper6.pdf, page 8>
Package pdftex.def Info: examples/calcs/papers/paper6.pdf , page8 used on input
 line 45.
(pdftex.def)             Requested size: 597.53416pt x 845.08372pt.

(./examples/calcs/papers/paper6.pax)
File: examples/calcs/papers/paper6.pdf Graphic file (type pdf)
<use examples/calcs/papers/paper6.pdf, page 8>
Package pdftex.def Info: examples/calcs/papers/paper6.pdf , page8 used on input
 line 45.
(pdftex.def)             Requested size: 597.53416pt x 845.08372pt.
 (./examples/calcs/papers/paper6.pax)
[50 <./examples/calcs/papers/paper6.pdf>]
<examples/calcs/papers/paper6.pdf, id=1676, page=9, 597.50829pt x 845.0471pt>
File: examples/calcs/papers/paper6.pdf Graphic file (type pdf)
<use examples/calcs/papers/paper6.pdf, page 9>
Package pdftex.def Info: examples/calcs/papers/paper6.pdf , page9 used on input
 line 45.
(pdftex.def)             Requested size: 597.53416pt x 845.08372pt.
 (./examples/calcs/papers/paper6.pax)
File: examples/calcs/papers/paper6.pdf Graphic file (type pdf)
<use examples/calcs/papers/paper6.pdf, page 9>
Package pdftex.def Info: examples/calcs/papers/paper6.pdf , page9 used on input
 line 45.
(pdftex.def)             Requested size: 597.53416pt x 845.08372pt.

(./examples/calcs/papers/paper6.pax)
File: examples/calcs/papers/paper6.pdf Graphic file (type pdf)
<use examples/calcs/papers/paper6.pdf, page 9>
Package pdftex.def Info: examples/calcs/papers/paper6.pdf , page9 used on input
 line 45.
(pdftex.def)             Requested size: 597.53416pt x 845.08372pt.
 (./examples/calcs/papers/paper6.pax)
[51 <./examples/calcs/papers/paper6.pdf>]
<examples/calcs/papers/paper6.pdf, id=1737, page=10, 597.50829pt x 845.0471pt>
File: examples/calcs/papers/paper6.pdf Graphic file (type pdf)
<use examples/calcs/papers/paper6.pdf, page 10>
Package pdftex.def Info: examples/calcs/papers/paper6.pdf , page10 used on inpu
t line 45.
(pdftex.def)             Requested size: 597.53416pt x 845.08372pt.
 (./examples/calcs/papers/paper6.pax)
File: examples/calcs/papers/paper6.pdf Graphic file (type pdf)
<use examples/calcs/papers/paper6.pdf, page 10>
Package pdftex.def Info: examples/calcs/papers/paper6.pdf , page10 used on inpu
t line 45.
(pdftex.def)             Requested size: 597.53416pt x 845.08372pt.

(./examples/calcs/papers/paper6.pax)
File: examples/calcs/papers/paper6.pdf Graphic file (type pdf)
<use examples/calcs/papers/paper6.pdf, page 10>
Package pdftex.def Info: examples/calcs/papers/paper6.pdf , page10 used on inpu
t line 45.
(pdftex.def)             Requested size: 597.53416pt x 845.08372pt.
 (./examples/calcs/papers/paper6.pax)
[52 <./examples/calcs/papers/paper6.pdf>]
<examples/calcs/papers/paper6.pdf, id=1810, page=11, 597.50829pt x 845.0471pt>
File: examples/calcs/papers/paper6.pdf Graphic file (type pdf)
<use examples/calcs/papers/paper6.pdf, page 11>
Package pdftex.def Info: examples/calcs/papers/paper6.pdf , page11 used on inpu
t line 45.
(pdftex.def)             Requested size: 597.53416pt x 845.08372pt.
 (./examples/calcs/papers/paper6.pax)
File: examples/calcs/papers/paper6.pdf Graphic file (type pdf)
<use examples/calcs/papers/paper6.pdf, page 11>
Package pdftex.def Info: examples/calcs/papers/paper6.pdf , page11 used on inpu
t line 45.
(pdftex.def)             Requested size: 597.53416pt x 845.08372pt.

(./examples/calcs/papers/paper6.pax)
File: examples/calcs/papers/paper6.pdf Graphic file (type pdf)
<use examples/calcs/papers/paper6.pdf, page 11>
Package pdftex.def Info: examples/calcs/papers/paper6.pdf , page11 used on inpu
t line 45.
(pdftex.def)             Requested size: 597.53416pt x 845.08372pt.
 (./examples/calcs/papers/paper6.pax)
[53 <./examples/calcs/papers/paper6.pdf>]
<examples/calcs/papers/paper6.pdf, id=1918, page=12, 597.50829pt x 845.0471pt>
File: examples/calcs/papers/paper6.pdf Graphic file (type pdf)
<use examples/calcs/papers/paper6.pdf, page 12>
Package pdftex.def Info: examples/calcs/papers/paper6.pdf , page12 used on inpu
t line 45.
(pdftex.def)             Requested size: 597.53416pt x 845.08372pt.
 (./examples/calcs/papers/paper6.pax)
File: examples/calcs/papers/paper6.pdf Graphic file (type pdf)
<use examples/calcs/papers/paper6.pdf, page 12>
Package pdftex.def Info: examples/calcs/papers/paper6.pdf , page12 used on inpu
t line 45.
(pdftex.def)             Requested size: 597.53416pt x 845.08372pt.

(./examples/calcs/papers/paper6.pax)
File: examples/calcs/papers/paper6.pdf Graphic file (type pdf)
<use examples/calcs/papers/paper6.pdf, page 12>
Package pdftex.def Info: examples/calcs/papers/paper6.pdf , page12 used on inpu
t line 45.
(pdftex.def)             Requested size: 597.53416pt x 845.08372pt.
 (./examples/calcs/papers/paper6.pax)
[54 <./examples/calcs/papers/paper6.pdf>]
<examples/calcs/papers/paper6.pdf, id=2008, page=13, 597.50829pt x 845.0471pt>
File: examples/calcs/papers/paper6.pdf Graphic file (type pdf)
<use examples/calcs/papers/paper6.pdf, page 13>
Package pdftex.def Info: examples/calcs/papers/paper6.pdf , page13 used on inpu
t line 45.
(pdftex.def)             Requested size: 597.53416pt x 845.08372pt.
 (./examples/calcs/papers/paper6.pax)
File: examples/calcs/papers/paper6.pdf Graphic file (type pdf)
<use examples/calcs/papers/paper6.pdf, page 13>
Package pdftex.def Info: examples/calcs/papers/paper6.pdf , page13 used on inpu
t line 45.
(pdftex.def)             Requested size: 597.53416pt x 845.08372pt.

(./examples/calcs/papers/paper6.pax)
File: examples/calcs/papers/paper6.pdf Graphic file (type pdf)
<use examples/calcs/papers/paper6.pdf, page 13>
Package pdftex.def Info: examples/calcs/papers/paper6.pdf , page13 used on inpu
t line 45.
(pdftex.def)             Requested size: 597.53416pt x 845.08372pt.
 (./examples/calcs/papers/paper6.pax)
[55 <./examples/calcs/papers/paper6.pdf>]
<examples/calcs/papers/paper6.pdf, id=2109, page=14, 597.50829pt x 845.0471pt>
File: examples/calcs/papers/paper6.pdf Graphic file (type pdf)
<use examples/calcs/papers/paper6.pdf, page 14>
Package pdftex.def Info: examples/calcs/papers/paper6.pdf , page14 used on inpu
t line 45.
(pdftex.def)             Requested size: 597.53416pt x 845.08372pt.
 (./examples/calcs/papers/paper6.pax)
File: examples/calcs/papers/paper6.pdf Graphic file (type pdf)
<use examples/calcs/papers/paper6.pdf, page 14>
Package pdftex.def Info: examples/calcs/papers/paper6.pdf , page14 used on inpu
t line 45.
(pdftex.def)             Requested size: 597.53416pt x 845.08372pt.

(./examples/calcs/papers/paper6.pax)
File: examples/calcs/papers/paper6.pdf Graphic file (type pdf)
<use examples/calcs/papers/paper6.pdf, page 14>
Package pdftex.def Info: examples/calcs/papers/paper6.pdf , page14 used on inpu
t line 45.
(pdftex.def)             Requested size: 597.53416pt x 845.08372pt.
 (./examples/calcs/papers/paper6.pax)
[56 <./examples/calcs/papers/paper6.pdf>]
<examples/calcs/papers/paper6.pdf, id=2138, page=15, 597.50829pt x 845.0471pt>
File: examples/calcs/papers/paper6.pdf Graphic file (type pdf)
<use examples/calcs/papers/paper6.pdf, page 15>
Package pdftex.def Info: examples/calcs/papers/paper6.pdf , page15 used on inpu
t line 45.
(pdftex.def)             Requested size: 597.53416pt x 845.08372pt.
 (./examples/calcs/papers/paper6.pax)
File: examples/calcs/papers/paper6.pdf Graphic file (type pdf)
<use examples/calcs/papers/paper6.pdf, page 15>
Package pdftex.def Info: examples/calcs/papers/paper6.pdf , page15 used on inpu
t line 45.
(pdftex.def)             Requested size: 597.53416pt x 845.08372pt.

(./examples/calcs/papers/paper6.pax)
File: examples/calcs/papers/paper6.pdf Graphic file (type pdf)
<use examples/calcs/papers/paper6.pdf, page 15>
Package pdftex.def Info: examples/calcs/papers/paper6.pdf , page15 used on inpu
t line 45.
(pdftex.def)             Requested size: 597.53416pt x 845.08372pt.
 (./examples/calcs/papers/paper6.pax)
[57 <./examples/calcs/papers/paper6.pdf>]
<examples/calcs/papers/paper6.pdf, id=2206, page=16, 597.50829pt x 845.0471pt>
File: examples/calcs/papers/paper6.pdf Graphic file (type pdf)
<use examples/calcs/papers/paper6.pdf, page 16>
Package pdftex.def Info: examples/calcs/papers/paper6.pdf , page16 used on inpu
t line 45.
(pdftex.def)             Requested size: 597.53416pt x 845.08372pt.
 (./examples/calcs/papers/paper6.pax)
File: examples/calcs/papers/paper6.pdf Graphic file (type pdf)
<use examples/calcs/papers/paper6.pdf, page 16>
Package pdftex.def Info: examples/calcs/papers/paper6.pdf , page16 used on inpu
t line 45.
(pdftex.def)             Requested size: 597.53416pt x 845.08372pt.

(./examples/calcs/papers/paper6.pax)
File: examples/calcs/papers/paper6.pdf Graphic file (type pdf)
<use examples/calcs/papers/paper6.pdf, page 16>
Package pdftex.def Info: examples/calcs/papers/paper6.pdf , page16 used on inpu
t line 45.
(pdftex.def)             Requested size: 597.53416pt x 845.08372pt.
 (./examples/calcs/papers/paper6.pax)
[58 <./examples/calcs/papers/paper6.pdf>]
<examples/calcs/papers/paper6.pdf, id=2279, page=17, 597.50829pt x 845.0471pt>
File: examples/calcs/papers/paper6.pdf Graphic file (type pdf)
<use examples/calcs/papers/paper6.pdf, page 17>
Package pdftex.def Info: examples/calcs/papers/paper6.pdf , page17 used on inpu
t line 45.
(pdftex.def)             Requested size: 597.53416pt x 845.08372pt.
 (./examples/calcs/papers/paper6.pax)
File: examples/calcs/papers/paper6.pdf Graphic file (type pdf)
<use examples/calcs/papers/paper6.pdf, page 17>
Package pdftex.def Info: examples/calcs/papers/paper6.pdf , page17 used on inpu
t line 45.
(pdftex.def)             Requested size: 597.53416pt x 845.08372pt.

(./examples/calcs/papers/paper6.pax)
File: examples/calcs/papers/paper6.pdf Graphic file (type pdf)
<use examples/calcs/papers/paper6.pdf, page 17>
Package pdftex.def Info: examples/calcs/papers/paper6.pdf , page17 used on inpu
t line 45.
(pdftex.def)             Requested size: 597.53416pt x 845.08372pt.
 (./examples/calcs/papers/paper6.pax)
[59 <./examples/calcs/papers/paper6.pdf>]
<examples/calcs/papers/paper6.pdf, id=2490, page=18, 597.50829pt x 845.0471pt>
File: examples/calcs/papers/paper6.pdf Graphic file (type pdf)
<use examples/calcs/papers/paper6.pdf, page 18>
Package pdftex.def Info: examples/calcs/papers/paper6.pdf , page18 used on inpu
t line 45.
(pdftex.def)             Requested size: 597.53416pt x 845.08372pt.
 (./examples/calcs/papers/paper6.pax)
File: examples/calcs/papers/paper6.pdf Graphic file (type pdf)
<use examples/calcs/papers/paper6.pdf, page 18>
Package pdftex.def Info: examples/calcs/papers/paper6.pdf , page18 used on inpu
t line 45.
(pdftex.def)             Requested size: 597.53416pt x 845.08372pt.

(./examples/calcs/papers/paper6.pax)
File: examples/calcs/papers/paper6.pdf Graphic file (type pdf)
<use examples/calcs/papers/paper6.pdf, page 18>
Package pdftex.def Info: examples/calcs/papers/paper6.pdf , page18 used on inpu
t line 45.
(pdftex.def)             Requested size: 597.53416pt x 845.08372pt.
 (./examples/calcs/papers/paper6.pax)
[60 <./examples/calcs/papers/paper6.pdf>]
<examples/calcs/papers/paper6.pdf, id=2533, page=19, 597.50829pt x 845.0471pt>
File: examples/calcs/papers/paper6.pdf Graphic file (type pdf)
<use examples/calcs/papers/paper6.pdf, page 19>
Package pdftex.def Info: examples/calcs/papers/paper6.pdf , page19 used on inpu
t line 45.
(pdftex.def)             Requested size: 597.53416pt x 845.08372pt.
 (./examples/calcs/papers/paper6.pax)
File: examples/calcs/papers/paper6.pdf Graphic file (type pdf)
<use examples/calcs/papers/paper6.pdf, page 19>
Package pdftex.def Info: examples/calcs/papers/paper6.pdf , page19 used on inpu
t line 45.
(pdftex.def)             Requested size: 597.53416pt x 845.08372pt.

(./examples/calcs/papers/paper6.pax)
File: examples/calcs/papers/paper6.pdf Graphic file (type pdf)
<use examples/calcs/papers/paper6.pdf, page 19>
Package pdftex.def Info: examples/calcs/papers/paper6.pdf , page19 used on inpu
t line 45.
(pdftex.def)             Requested size: 597.53416pt x 845.08372pt.
 (./examples/calcs/papers/paper6.pax)
[61 <./examples/calcs/papers/paper6.pdf>]
<examples/calcs/papers/paper6.pdf, id=2832, page=20, 597.50829pt x 845.0471pt>
File: examples/calcs/papers/paper6.pdf Graphic file (type pdf)
<use examples/calcs/papers/paper6.pdf, page 20>
Package pdftex.def Info: examples/calcs/papers/paper6.pdf , page20 used on inpu
t line 45.
(pdftex.def)             Requested size: 597.53416pt x 845.08372pt.
 (./examples/calcs/papers/paper6.pax)
File: examples/calcs/papers/paper6.pdf Graphic file (type pdf)
<use examples/calcs/papers/paper6.pdf, page 20>
Package pdftex.def Info: examples/calcs/papers/paper6.pdf , page20 used on inpu
t line 45.
(pdftex.def)             Requested size: 597.53416pt x 845.08372pt.

(./examples/calcs/papers/paper6.pax)
File: examples/calcs/papers/paper6.pdf Graphic file (type pdf)
<use examples/calcs/papers/paper6.pdf, page 20>
Package pdftex.def Info: examples/calcs/papers/paper6.pdf , page20 used on inpu
t line 45.
(pdftex.def)             Requested size: 597.53416pt x 845.08372pt.
 (./examples/calcs/papers/paper6.pax)
[62 <./examples/calcs/papers/paper6.pdf>]
<examples/calcs/papers/paper6.pdf, id=2982, page=21, 597.50829pt x 845.0471pt>
File: examples/calcs/papers/paper6.pdf Graphic file (type pdf)
<use examples/calcs/papers/paper6.pdf, page 21>
Package pdftex.def Info: examples/calcs/papers/paper6.pdf , page21 used on inpu
t line 45.
(pdftex.def)             Requested size: 597.53416pt x 845.08372pt.
 (./examples/calcs/papers/paper6.pax)
File: examples/calcs/papers/paper6.pdf Graphic file (type pdf)
<use examples/calcs/papers/paper6.pdf, page 21>
Package pdftex.def Info: examples/calcs/papers/paper6.pdf , page21 used on inpu
t line 45.
(pdftex.def)             Requested size: 597.53416pt x 845.08372pt.

(./examples/calcs/papers/paper6.pax)
File: examples/calcs/papers/paper6.pdf Graphic file (type pdf)
<use examples/calcs/papers/paper6.pdf, page 21>
Package pdftex.def Info: examples/calcs/papers/paper6.pdf , page21 used on inpu
t line 45.
(pdftex.def)             Requested size: 597.53416pt x 845.08372pt.
 (./examples/calcs/papers/paper6.pax)
[63 <./examples/calcs/papers/paper6.pdf>] (build/watermarked_pdfs/6.aux)
Package rerunfilecheck Info: File `6.out' has not changed.
(rerunfilecheck)             Checksum: D41D8CD98F00B204E9800998ECF8427E;0.
 ) 
Here is how much of TeX's memory you used:
 10899 strings out of 478994
 190420 string characters out of 5858185
 476897 words of memory out of 5000000
 27804 multiletter control sequences out of 15000+600000
 408898 words of font info for 35 fonts, out of 8000000 for 9000
 1141 hyphenation exceptions out of 8191
 83i,18n,88p,347b,695s stack positions out of 5000i,500n,10000p,200000b,80000s
{/usr/local/texlive/2021/texmf-dist/fonts/enc/dvips/base/8r.enc}</usr/local/t
exlive/2021/texmf-dist/fonts/type1/public/amsfonts/cm/cmmi10.pfb></usr/local/te
xlive/2021/texmf-dist/fonts/type1/public/amsfonts/cm/cmmi8.pfb></usr/local/texl
ive/2021/texmf-dist/fonts/type1/public/amsfonts/cm/cmr10.pfb></usr/local/texliv
e/2021/texmf-dist/fonts/type1/public/amsfonts/cm/cmr8.pfb></usr/local/texlive/2
021/texmf-dist/fonts/type1/public/amsfonts/cm/cmsy10.pfb></usr/local/texlive/20
21/texmf-dist/fonts/type1/arphic/gbsnu/gbsnu30.pfb></usr/local/texlive/2021/tex
mf-dist/fonts/type1/arphic/gbsnu/gbsnu4e.pfb></usr/local/texlive/2021/texmf-dis
t/fonts/type1/arphic/gbsnu/gbsnu50.pfb></usr/local/texlive/2021/texmf-dist/font
s/type1/arphic/gbsnu/gbsnu51.pfb></usr/local/texlive/2021/texmf-dist/fonts/type
1/arphic/gbsnu/gbsnu52.pfb></usr/local/texlive/2021/texmf-dist/fonts/type1/arph
ic/gbsnu/gbsnu53.pfb></usr/local/texlive/2021/texmf-dist/fonts/type1/arphic/gbs
nu/gbsnu55.pfb></usr/local/texlive/2021/texmf-dist/fonts/type1/arphic/gbsnu/gbs
nu56.pfb></usr/local/texlive/2021/texmf-dist/fonts/type1/arphic/gbsnu/gbsnu59.p
fb></usr/local/texlive/2021/texmf-dist/fonts/type1/arphic/gbsnu/gbsnu5b.pfb></u
sr/local/texlive/2021/texmf-dist/fonts/type1/arphic/gbsnu/gbsnu5c.pfb></usr/loc
al/texlive/2021/texmf-dist/fonts/type1/arphic/gbsnu/gbsnu5e.pfb></usr/local/tex
live/2021/texmf-dist/fonts/type1/arphic/gbsnu/gbsnu5f.pfb></usr/local/texlive/2
021/texmf-dist/fonts/type1/arphic/gbsnu/gbsnu60.pfb></usr/local/texlive/2021/te
xmf-dist/fonts/type1/arphic/gbsnu/gbsnu62.pfb></usr/local/texlive/2021/texmf-di
st/fonts/type1/arphic/gbsnu/gbsnu65.pfb></usr/local/texlive/2021/texmf-dist/fon
ts/type1/arphic/gbsnu/gbsnu66.pfb></usr/local/texlive/2021/texmf-dist/fonts/typ
e1/arphic/gbsnu/gbsnu67.pfb></usr/local/texlive/2021/texmf-dist/fonts/type1/arp
hic/gbsnu/gbsnu6c.pfb></usr/local/texlive/2021/texmf-dist/fonts/type1/arphic/gb
snu/gbsnu70.pfb></usr/local/texlive/2021/texmf-dist/fonts/type1/arphic/gbsnu/gb
snu76.pfb></usr/local/texlive/2021/texmf-dist/fonts/type1/arphic/gbsnu/gbsnu77.
pfb></usr/local/texlive/2021/texmf-dist/fonts/type1/arphic/gbsnu/gbsnu7c.pfb></
usr/local/texlive/2021/texmf-dist/fonts/type1/arphic/gbsnu/gbsnu7d.pfb></usr/lo
cal/texlive/2021/texmf-dist/fonts/type1/arphic/gbsnu/gbsnu80.pfb></usr/local/te
xlive/2021/texmf-dist/fonts/type1/arphic/gbsnu/gbsnu89.pfb></usr/local/texlive/
2021/texmf-dist/fonts/type1/arphic/gbsnu/gbsnu8b.pfb></usr/local/texlive/2021/t
exmf-dist/fonts/type1/arphic/gbsnu/gbsnu8d.pfb></usr/local/texlive/2021/texmf-d
ist/fonts/type1/arphic/gbsnu/gbsnu90.pfb></usr/local/texlive/2021/texmf-dist/fo
nts/type1/arphic/gbsnu/gbsnu95.pfb></usr/local/texlive/2021/texmf-dist/fonts/ty
pe1/arphic/gbsnu/gbsnu96.pfb></usr/local/texlive/2021/texmf-dist/fonts/type1/ar
phic/gbsnu/gbsnu9e.pfb></usr/local/texlive/2021/texmf-dist/fonts/type1/arphic/g
bsnu/gbsnuff.pfb></usr/local/texlive/2021/texmf-dist/fonts/type1/vntex/urwvn/uh
vb8v.pfb></usr/local/texlive/2021/texmf-dist/fonts/type1/vntex/urwvn/uhvr8v.pfb
></usr/local/texlive/2021/texmf-dist/fonts/type1/vntex/urwvn/uhvro8v.pfb></usr/
local/texlive/2021/texmf-dist/fonts/type1/vntex/urwvn/utmb8v.pfb></usr/local/te
xlive/2021/texmf-dist/fonts/type1/urw/times/utmr8a.pfb></usr/local/texlive/2021
/texmf-dist/fonts/type1/vntex/urwvn/utmr8v.pfb></usr/local/texlive/2021/texmf-d
ist/fonts/type1/urw/times/utmri8a.pfb></usr/local/texlive/2021/texmf-dist/fonts
/type1/vntex/urwvn/utmri8v.pfb></usr/local/texlive/2021/texmf-dist/fonts/type1/
vntex/vnr/vnr10.pfb></usr/local/texlive/2021/texmf-dist/fonts/type1/vntex/vnr/v
nr9.pfb>
Output written on build/watermarked_pdfs/6.pdf (21 pages, 2408297 bytes).
PDF statistics:
 3182 PDF objects out of 3580 (max. 8388607)
 1559 compressed objects within 16 object streams
 313 named destinations out of 1000 (max. 500000)
 121 words of extra memory for PDF output out of 10000 (max. 10000000)

